<?xml version="1.0" encoding="UTF-8"?>
<!-- Generated by org.testng.reporters.JUnitReportReporter -->
<testsuite hostname="C0649958" failures="0" tests="3" name="rahulshettyacademy.tests.t02_SubmitOrderTest" time="19.373" errors="0" timestamp="2024-09-24T16:51:12 CEST" skipped="0">
  <testcase classname="rahulshettyacademy.tests.t02_SubmitOrderTest" name="OrderHistoryTest" time="4.514"/>
  <testcase classname="rahulshettyacademy.tests.t02_SubmitOrderTest" name="submitOrder" time="7.234"/>
  <testcase classname="rahulshettyacademy.tests.t02_SubmitOrderTest" name="submitOrder" time="7.625"/>
</testsuite> <!-- rahulshettyacademy.tests.t02_SubmitOrderTest -->
