<?xml version="1.0" encoding="UTF-8"?>
<!-- Generated by org.testng.reporters.JUnitReportReporter -->
<testsuite hostname="C0649958" failures="0" tests="2" name="rahulshettyacademy.tests.t03_ErrorValidations" time="12.396" errors="0" timestamp="2024-09-24T16:51:12 CEST" skipped="0">
  <testcase classname="rahulshettyacademy.tests.t03_ErrorValidations" name="ProductErrorValidation" time="6.321"/>
  <testcase classname="rahulshettyacademy.tests.t03_ErrorValidations" name="LoginErrorValidation" time="6.075"/>
</testsuite> <!-- rahulshettyacademy.tests.t03_ErrorValidations -->
