<?xml version="1.0" encoding="UTF-8"?>
<!-- Generated by org.testng.reporters.JUnitReportReporter -->
<testsuite hostname="C0649958" failures="0" tests="3" name="rahulshettyacademy.tests.t04_SubmitOrderTestJason" time="19.143" errors="0" timestamp="2024-09-24T16:51:12 CEST" skipped="0">
  <testcase classname="rahulshettyacademy.tests.t04_SubmitOrderTestJason" name="submitOrder" time="7.249"/>
  <testcase classname="rahulshettyacademy.tests.t04_SubmitOrderTestJason" name="OrderHistoryTest" time="4.664"/>
  <testcase classname="rahulshettyacademy.tests.t04_SubmitOrderTestJason" name="submitOrder" time="7.230"/>
</testsuite> <!-- rahulshettyacademy.tests.t04_SubmitOrderTestJason -->
